  865  cd cs131/
  866  mkdir Assignment2
  867  git add
  868  git add .
----------------------------------------------------------------------
QUESTION 1
  869  find /etc -type f > one.txt 2> two.txt
  870  cat one.txt
  871  cat two.txt
----------------------------------------------------------------------
  872  wget https://raw.githubusercontent.com/khanchandaniashish/CS131/main/Global%20YouTube%20Statistics.csv
  873  cut -d',' -f[year_column],[month_column] Global\ YouTube\ Statistics.csv 
  874  cut -d',' -f year,month Global\ YouTube\ Statistics.csv 
  875  cut -d ',' -f year,month Global\ YouTube\ Statistics.csv 
  876  cut -d ',' -f year, month Global\ YouTube\ Statistics.csv 
  877  cut -d',' -f21,22 Global\ YouTube\ Statistics.csv 
  878  cut -d',' -f20,21 Global\ YouTube\ Statistics.csv 
  879  cut -d',' -f21,20 Global\ YouTube\ Statistics.csv 
  880  cut -d',' -f20,21 Global\ YouTube\ Statistics.csv 
  881  cut -d',' -f21,20 Global\ YouTube\ Statistics.csv 
  882  cut -d',' -f21,20 Global\ YouTube\ Statistics.csv | sort
  883  cut -d',' -f21,20 Global\ YouTube\ Statistics.csv | sort | uniq -c
  884  cut -d',' -f21,20 Global\ YouTube\ Statistics.csv | sort | uniq -c | sort -nr
  885  cut -d',' -f21,20 Global\ YouTube\ Statistics.csv | sort -nr | uniq -c
  886  cut -d',' -f21,20 Global\ YouTube\ Statistics.csv uniq -c | sort -nr
  887  cut -d',' -f21,20 Global\ YouTube\ Statistics.csv | sort -nr | uniq -c
  888  cut -d',' -f21,20 Global\ YouTube\ Statistics.csv uniq -c | sort -nr
  889  cut -d',' -f21,20 Global\ YouTube\ Statistics.csv uniq -c | sort -nr | cut -n 3
  890  cut -d',' -f21,20 Global\ YouTube\ Statistics.csv uniq -c | sort -nr | cut -b 3
  891  cut -d',' -f21,20 Global\ YouTube\ Statistics.csv uniq -c | sort -nr | cut -b 3 | head -n 3
  892* cut -d',' -f21,20 Global\ YouTube\ Statistics.csv uniq -c | sort -nr
  893  cut -d',' -f21,20 Global\ YouTube\ Statistics.csv | sort -nr | uniq -c | head -n 3
  894  cut -d',' -f21,20 Global\ YouTube\ Statistics.csv | sort -nr | uniq -c
----------------------------------------------------------------------
QUESTION 2
  895  cut -d',' -f21,20 Global\ YouTube\ Statistics.csv | sort | uniq -c | sort -nr | head -n 3
----------------------------------------------------------------------
  896  cat one.txt > Assignment2.txt
  897  cat two.txt >> Assignment2.txt
  898  cut -d',' -f21,20 Global\ YouTube\ Statistics.csv | sort | uniq -c | sort -nr | head -n 3 >> Assignment2.txt
  899  cat assignment2.txt
  900  cat Assignment2.txt
----------------------------------------------------------------------
QUESTION 3
  901  ps -u $USER
----------------------------------------------------------------------
  902  cat Assignment2.txt
----------------------------------------------------------------------
QUESTION 4
  903  vi file.txt
  904  ps -u $USER
  905  ps -u $USER
----------------------------------------------------------------------
QUESTION 5
  906  ps -p 1
----------------------------------------------------------------------
QUESTION 6
  907  ps aux
----------------------------------------------------------------------
  908  vi Assignment2.txt
  909  ps -u $USER >> Assignment2.txt
  910  vi Assignment2.txt
  911  cut -d',' -f21,20 Global\ YouTube\ Statistics.csv | sort | uniq -c | sort -nr | head -n 3 >> Assignment2.txt
  912  vi Assignment2.txt
  913  ls -l
  914  ls
  915  cd Assignment2
  916  ls
  917  vi Assignment2.txt
  918  ls
  919  vi Worksheet2.txt
  920  rm Worksheet2.txt
  921  ls
  922  cd ..
  923  mv Assignment2.txt Assignment2
  924  ls
  925  cd Assignment2
  926  ls
  927  vi Assignment2.txt
  928  cat Assignment2.txt 
  929  git add /
  930  git add /Assignment2
  931  git add Assignment2/
  932  git add .
  933  git commit
  934  git add Worksheet2.txt
  935  git add Assignment2.txt 
  936  git commit
  937  git push
  938  git pull --rbase
  939  git pull --rebase
  940  git push
  941  ls
  942  cd ..
  943  ls
  944  cd Assignment2
  945  ls
  946  git commit
  947  ls
  948  ls ..
  949  mv ../one.txt .
  950  mv ../two.txt .
  951  ls
  952  git add Assignment2.txt 
  953  git add one.txt 
  954  git add two.txt 
  955  git commit
  956  git push
  957  history > cmds.log
