  998  csvFile="Global YouTube Statistics.csv" 
  999  dir="United States"
 1000  OLDIFS=$IFS
 1001  IFS=$'\n'
 1002  categories=$(grep "United States" "$csvFile" | cut -d',' -f5 | sort -u)
 1003  { for category in $categories; do path="$dir/$category.txt"; grep "United States" "$csvFile" | grep -F "$category" > "$path"; done; IFS=$OLDIFS; }
 1004  ls
 1005  ls United\ States/
 1006  wc -l "United States/Comedy.txt" 
 1007  wc -l "United States/Music.txt" > ws5.txt
 1008  wc -l "United States/Entertainment.txt" >> ws5.txt
 1009  wc -l "United States/Gaming.txt" >> ws5.txt
 1010  wc -l "United States/Comedy.txt" >> ws5.txt
 1011  ls 
 1012  cat ws5
 1013  cat ws5.txt 
 1014  ls
 1015  cd United\ States/
 1016  rm *
 1017  ls
 1018  cd ..
 1019  ls
 1020  touch script.sh
 1021  echo csvFile="Global YouTube Statistics.csv" >> script.sh 
 1022  echo dir="United States" >> script.sh 
 1023  echo OLDIFS=$IFS >> script.sh 
 1024  echo IFS=$'\n' >> script.sh 
 1025  echo categories=$(grep "United States" "$csvFile" | cut -d',' -f5 | sort -u) >> script.sh 
 1026  echo { for category in $categories; do path="$dir/$category.txt"; grep "United States" "$csvFile" | grep -F "$category" > "$path"; done; IFS=$OLDIFS; } >> script.sh 
 1027  echo "{ for category in $categories; do path="$dir/$category.txt"; grep "United States" "$csvFile" | grep -F "$category" > "$path"; done; IFS=$OLDIFS; }" >> script.sh 
 1028  cat script.sh 
 1029  ls
 1030  rm script.sh 
 1031  touch script.sh
 1032  echo "csvFile="Global YouTube Statistics.csv" >> script.sh"
 1033  echo "csvFile="Global YouTube Statistics.csv" >> script.sh" >> script.sh 
 1034  echo "dir="United States"" >> script.sh 
 1035  echo "OLDIFS=$IFS" >> script.sh 
 1036  echo "IFS=$'\n'" >> script.sh 
 1037  echo "categories=$(grep "United States" "$csvFile" | cut -d',' -f5 | sort -u)" >> script.sh 
 1038  echo "{ for category in $categories; do path="$dir/$category.txt"; grep "United States" "$csvFile" | grep -F "$category" > "$path"; done; IFS=$OLDIFS; }" >> script.sh 
 1039  cat script.sh 
 1040  ls
 1041  ls United\ States/
 1042  cd United\ States/
 1043  ls
 1044  cd ..
 1045  rm script.sh 
 1046  touch script.sh
 1047  vim script.sh 
 1048  cat script.sh 
 1049  bash script.sh 
 1050  ls
 1051  bash script.sh 
 1052  cat ws5.txt 
 1053  rm ws5.txt 
 1054  bash script.sh 
------------------------------------------------------------------------------------------------------------------------------------------------------------------------------------
SCRIPT COMMANDS WERE EXECUTED ON SHELL ONE BY ONE ABOVE TO COMPLETE TASK, BUT COPYING ALL COMMANDS INTO AN ACTUAL SCRIPT BELOW
------------------------------------------------------------------------------------------------------------------------------------------------------------------------------------
 1055  vim script.sh 
 1056  bash script.sh 
 1057  ls
 1058  ls United\ States/
 1059  wc -l "United States/Music.txt" 
 1060  wc -l "United States/Music.txt" > ws5.txt
 1061  wc -l "United States/Entertainment.txt" >> ws5.txt
 1062  wc -l "United States/Gaming.txt" >> ws5.txt
 1063  wc -l "United States/Comedy.txt" >> ws5.txt
 1064  ls
 1065  cat ws5.txt 
 1066  history > cmds.log
