
------------------------------------------------------
QUESTION 1
  723  cd cs131
  724  mkdir Assignment1
------------------------------------------------------
  725  git add Assignment1/
  726  cd Assignment1/
  727  touch Assignment1.txt
  728  ls
------------------------------------------------------
QUESTION 2A
  729  echo $SHELL
------------------------------------------------------
  730  echo $GLOBAL
  731  echo $GLOBL
------------------------------------------------------
QUESTION 2B
  732  echo $HOME
------------------------------------------------------
QUESTION 3 ANSWERED LAST (INCORRECT HERE)
------------------------------------------------------
  733  $USER
  734  $USERNAME
  735  echo $USER
  736  echo $SHELL >> Assignment1.txt
  737  echo $USER >> Assignment1.txt 
  738  echo $HOME >> Assignment1.txt 
------------------------------------------------------
QUESTION 4
  739  mkdir myDir
  740  chmod man
  741  man chmod
  742  chmod -w myDir
------------------------------------------------------
  743  cd myDir
  744  ls >> ../Assignment1.txt 
  745  ls
  746  ls -l
  747  touch file.txt
  748  touch file.txt >> ../Assignment1.txt 
  749  mkdir myDir2
  750  cd ..
------------------------------------------------------
QUESTION 5
  751  mkdir myDir2
  752  mkdir myDir3
------------------------------------------------------
  753  touch /myDir2/myFile.txt
------------------------------------------------------
QUESTION 6A
  754  touch myDir2/myFile.txt
  755  cd myDir2
  756  ls
  757  cd ..
  758  mv myDir2/myFile.txt myDir3
------------------------------------------------------
  759  ls myDir2
  760  ls myDir3
  761  man free
  762  free tota
------------------------------------------------------
QUESTION 6B
  763  free
------------------------------------------------------
  764  free >> Assignment1.txt 
  765  ls /etc/                  #listing of files in /etc/
  766  echo os-release           #os-release contains OS info
  767  echo /etc/os-release
  768  cat os-release      
------------------------------------------------------
QUESTION 9      
  769  cat /etc/os-release       #see contents of os-release file
------------------------------------------------------
  770  cat /etc/os-release >> Assignment1.txt 
  771* 
  772  cat /etc/os-release >> Assignment1.txt 
------------------------------------------------------
QUESTION 10
  773  ls -l /etc/os-release     #list permissions for each group for os-release
------------------------------------------------------
  774* 
  775  ls -l /etc/os-release >> Assignment1.txt 
  776  history >> cmds.log
  777  ls
  778  vi cmds.log
-----------------------------------------------------
QUESTION 3 
  779  id robertosp24            #shows info and group info of username
-----------------------------------------------------
  780  id robertosp24 >> Assignment1.txt 
  781  history > cmds.log
