--------------------------------------------------
WORKSHEET 3
-------------------------------------------------- 
  992  grep "United States" Global\ YouTube\ Statistics.csv 
  993  grep "United States" Global\ YouTube\ Statistics.csv | sort -t, -k16 -nr
  994  grep "United States" Global\ YouTube\ Statistics.csv | sort -t, -k16 -nr | head -n 1
--------------------------------------------------
TASK 1
-------------------------------------------------- 
  995  grep "United States" Global\ YouTube\ Statistics.csv | sort -t, -k16 -nr | head -n 1 >> ws3.txt
  996  grep "United Kingdom" Global\ YouTube\ Statistics.csv | sort -t, -k16 -nr | head -n 1 >> ws3.txt
  997  grep "India" Global\ YouTube\ Statistics.csv | sort -t, -k16 -nr | head -n 1 >> ws3.txt
-------------------------------------------------- 
  998  cat ws3.txt
--------------------------------------------------
TASK 2
--------------------------------------------------
  999  grep "Sports" Global\ YouTube\ Statistics.csv | sort -t, -k3 -nr | head -n 1 >> ws3.txt
 1000  grep "Education" Global\ YouTube\ Statistics.csv | sort -t, -k3 -nr | head -n 1 >> ws3.txt
 1001  grep "Entertainment" Global\ YouTube\ Statistics.csv | sort -t, -k3 -nr | head -n 1 >> ws3.txt
--------------------------------------------------
 1002  cat ws3
 1003  cat ws3.txt
 1004  history > cmds.log
