-----------------------------------------------------------------------------------------------------------------------------------------------------------------------------------------
ASSIGNMENT 3
-----------------------------------------------------------------------------------------------------------------------------------------------------------------------------------------
  998  cd cs131
  999  ls
 1000  mkdir Assignment3
-----------------------------------------------------------------------------------------------------------------------------------------------------------------------------------------
TASK 1
-----------------------------------------------------------------------------------------------------------------------------------------------------------------------------------------
 1001  wget https://raw.githubusercontent.com/khanchandaniashish/CS131/main/awksp24/last.fake
 1002  wget https://raw.githubusercontent.com/khanchandaniashish/CS131/main/awksp24/passwd.fake
 1003  wget https://raw.githubusercontent.com/khanchandaniashish/CS131/main/awksp24/ps.fake
 1004  cat last.fake 
 1005  wc -l last.fake
 1006  ls
 1007  mv last.fake Assignment3
 1008  mv ps.fake Assignment3
 1009  mv passwd.fake Assignment3
 1010  ls
 1011  cd Assignment3
 1012  ls
 1013  wc -l last.fake
 1014  wc -l last.fake > Assignment3.txt
 1015  ls
 1016  grep 'sp24' last.fake
 1017  grep 'sp24' last.fake > lastsp24.fake
 1018  ls
 1019  wc -l lastsp24.fake
 1020  wc -l lastsp24.fake >> Assignment3.txt 
-----------------------------------------------------------------------------------------------------------------------------------------------------------------------------------------
TASK 2
-----------------------------------------------------------------------------------------------------------------------------------------------------------------------------------------
 1021  cat Assignment3.txt 
 1022  grep 'Sunday' lastsp24.fake
 1023  grep 'Sun' lastsp24.fake
 1024  grep 'Sun' lastsp24.fake > lastsp24sunday.fake
 1025  awk '{print $1}' lastsp24sunday.fake 
 1026  awk '{print $1}' lastsp24sunday.fake | sort | uniq
 1027  awk '{print $1}' lastsp24sunday.fake | sort | uniq | awk 'BEGIN {print "The list of people who worked on Sunday are:"} {print} END {print "Kudos to these people for putting in the work"}'
 1028  grep 'Sun' lastsp24.fake >> Assignment3.txt 
 1029  awk '{print $1}' lastsp24sunday.fake >> Assignment3.txt 
 1030  awk '{print $1}' lastsp24sunday.fake | sort | uniq >> Assignment3.txt 
 1031  awk '{print $1}' lastsp24sunday.fake | sort | uniq | awk 'BEGIN {print "The list of people who worked on Sunday are:"} {print} END {print "Kudos to these people for putting in the work"}' >> Assignment3.txt 
 1032  cat Assignment3.txt 
-----------------------------------------------------------------------------------------------------------------------------------------------------------------------------------------
TASK 3
-----------------------------------------------------------------------------------------------------------------------------------------------------------------------------------------
 1033  awk '{if (($2 >= "23:00" && $2 <= "23:59") || ($2 >= "00:00" && $2 <= "04:00")) print $1}' lastsp24.fake
 1034  awk '{if (($7 >= "23:00" && $7 <= "23:59") || ($7 >= "00:00" && $7 <= "04:00")) print $1}' lastsp24.fake
 1035  awk '{if (($7 >= "23:00" && $7 <= "23:59") || ($7 >= "00:00" && $7 <= "04:00")) print $1}' lastsp24.fake | sort | uniq
 1036  awk '{if (($7 >= "23:00" && $7 <= "23:59") || ($7 >= "00:00" && $7 <= "04:00")) print $1}' lastsp24.fake | sort | uniq | awk 'BEGIN {print "Night Owls List:"} {print} END {print "Night Owls are dope. Please ensure you get enough sleep though."}'
 1037  awk '{if (($7 >= "23:00" && $7 <= "23:59") || ($7 >= "00:00" && $7 <= "04:00")) print $1}' lastsp24.fake >> Assignment3.txt 
 1038  awk '{if (($7 >= "23:00" && $7 <= "23:59") || ($7 >= "00:00" && $7 <= "04:00")) print $1}' lastsp24.fake | sort | uniq >> Assignment3.txt 
 1039  awk '{if (($7 >= "23:00" && $7 <= "23:59") || ($7 >= "00:00" && $7 <= "04:00")) print $1}' lastsp24.fake | sort | uniq | awk 'BEGIN {print "Night Owls List:"} {print} END {print "Night Owls are dope. Please ensure you get enough sleep though."}' >> Assignment3.txt 
-----------------------------------------------------------------------------------------------------------------------------------------------------------------------------------------
TASK 4
-----------------------------------------------------------------------------------------------------------------------------------------------------------------------------------------
 1040  awk '{if (($2 >= "05:00" && $2 <= "09:00")) print $1}' lastsp24.fake
 1041  awk '{if (($7 >= "05:00" && $7 <= "09:00")) print $1}' lastsp24.fake
 1042  awk '{if (($7 >= "05:00" && $7 <= "09:00")) print $1}' lastsp24.fake | sort | uniq
 1043  awk '{if (($7 >= "05:00" && $7 <= "09:00")) print $1}' lastsp24.fake | sort | uniq | awk 'BEGIN {print "Early Birds List:"} {print} END {print "Early Birds are dope. Please ensure you get enough sleep though."}'
 1044  awk '{if (($7 >= "05:00" && $7 <= "09:00")) print $1}' lastsp24.fake >> Assignment3.txt 
 1045  awk '{if (($7 >= "05:00" && $7 <= "09:00")) print $1}' lastsp24.fake | sort | uniq >> Assignment3.txt 
 1046  awk '{if (($7 >= "05:00" && $7 <= "09:00")) print $1}' lastsp24.fake | sort | uniq | awk 'BEGIN {print "Early Birds List:"} {print} END {print "Early Birds are dope. Please ensure you get enough sleep though."}' >> Assignment3.txt 
-----------------------------------------------------------------------------------------------------------------------------------------------------------------------------------------
TASK 5
-----------------------------------------------------------------------------------------------------------------------------------------------------------------------------------------
 1047  awk '$1 ~ /^t/' lastsp24.fake
 1048  awk '$1 ~ /^t/' lastsp24.fake | sort | uniq
 1049  awk '$1 ~ /^t/{print $1}' lastsp24.fake
 1050  awk '$1 ~ /^t/{print $1}' lastsp24.fake | sort | uniq
 1051  awk '$1 ~ /^t/' lastsp24.fake >> Assignment3.txt 
 1052  awk '$1 ~ /^t/{print $1}' lastsp24.fake >> Assignment3.txt 
 1053  awk '$1 ~ /^t/{print $1}' lastsp24.fake | sort | uniq >> Assignment3.txt 
-----------------------------------------------------------------------------------------------------------------------------------------------------------------------------------------
TASK 6
-----------------------------------------------------------------------------------------------------------------------------------------------------------------------------------------
 1054  ls
 1055  cat passwd.fake
 1056  cat ps.fake
 1057  cat passwd.fake
 1058  awk -F':' '/^a/ && $3 % 2 == 0 {print $1}' passwd.fake
 1059  awk -F':' '/^a/ && $3 % 2 == 0 {print $1}' passwd.fake >> Assignment3.txt 
-----------------------------------------------------------------------------------------------------------------------------------------------------------------------------------------
TASK 7
-----------------------------------------------------------------------------------------------------------------------------------------------------------------------------------------
 1060  sed 's/[a-zA-Z0-9 ]//g' passwd.fake | sort -u
 1061  sed 's/[a-zA-Z0-9 ]//g' passwd.fake | sort -u >> Assignment3.txt 
 1062  ls
 1063  cat Assignment3.txt 
 1064  history > cmds.log
